#
# There is insufficient memory for the Java Runtime Environment to continue.
# Native memory allocation (mmap) failed to map 50331648 bytes for Failed to commit area from 0x000000008a000000 to 0x000000008d000000 of length 50331648.
# Possible reasons:
#   The system is out of physical RAM or swap space
#   The process is running with CompressedOops enabled, and the Java Heap may be blocking the growth of the native heap
# Possible solutions:
#   Reduce memory load on the system
#   Increase physical memory or swap space
#   Check if swap backing store is full
#   Decrease Java heap size (-Xmx/-Xms)
#   Decrease number of Java threads
#   Decrease Java thread stack sizes (-Xss)
#   Set larger code cache with -XX:ReservedCodeCacheSize=
#   JVM is running with Unscaled Compressed Oops mode in which the Java heap is
#     placed in the first 4GB address space. The Java Heap base address is the
#     maximum limit for the native heap growth. Please use -XX:HeapBaseMinAddress
#     to set the Java Heap base and to place the Java Heap above 4GB virtual address.
# This output file may be truncated or incomplete.
#
#  Out of Memory Error (./src/hotspot/os/windows/os_windows.cpp:3619), pid=5804, tid=12960
#
# JRE version: OpenJDK Runtime Environment (11.0.13) (build 11.0.13+0-b1751.21-8125866)
# Java VM: OpenJDK 64-Bit Server VM (11.0.13+0-b1751.21-8125866, mixed mode, tiered, compressed oops, g1 gc, windows-amd64)
# No core dump will be written. Minidumps are not enabled by default on client versions of Windows
#

---------------  S U M M A R Y ------------

Command Line: org.jetbrains.kotlin.cli.jvm.K2JVMCompiler @D:\Document\Git\Project1\Student-Attendance-Project\app\build\20221116_12500608850302576871.compiler.options

Host: Intel(R) Core(TM) i5-8265U CPU @ 1.60GHz, 8 cores, 7G,  Windows 11 , 64 bit Build 22000 (10.0.22000.1219)
Time: Wed Nov 16 00:01:10 2022 SE Asia Standard Time elapsed time: 5.358801 seconds (0d 0h 0m 5s)

---------------  T H R E A D  ---------------

Current thread (0x0000028131e76000):  VMThread "VM Thread" [stack: 0x000000c7b0300000,0x000000c7b0400000] [id=12960]

Stack: [0x000000c7b0300000,0x000000c7b0400000]
[error occurred during error reporting (printing stack bounds), id 0xc0000005, EXCEPTION_ACCESS_VIOLATION (0xc0000005) at pc=0x000002811ae8112d]

Native frames: (J=compiled Java code, j=interpreted, Vv=VM code, C=native code)
V  [jvm.dll+0x6100fa]
V  [jvm.dll+0x747090]
V  [jvm.dll+0x7486ad]
V  [jvm.dll+0x748ce5]
V  [jvm.dll+0x748c9b]
V  [jvm.dll+0x60f224]
V  [jvm.dll+0x60f9b8]
C  [ntdll.dll+0xa8b1f]
C  [ntdll.dll+0x35b9a]
C  [ntdll.dll+0xa7b2e]
C  0x000002811ae8112d

VM_Operation (0x000000c7afdfc3c0): G1CollectForAllocation, mode: safepoint, requested by thread 0x0000028115b56800


---------------  P R O C E S S  ---------------

Threads class SMR info:
_java_thread_list=0x00000281345e95c0, length=11, elements={
0x0000028115b56800, 0x0000028131e7c800, 0x0000028131e85800, 0x0000028131e9b800,
0x0000028131e9d800, 0x0000028131ea0800, 0x0000028131ea2000, 0x0000028131ea3000,
0x0000028131eb4000, 0x00000281328bb800, 0x000002813556d800
}

Java Threads: ( => current thread )
  0x0000028115b56800 JavaThread "main" [_thread_blocked, id=11984, stack(0x000000c7afd00000,0x000000c7afe00000)]
  0x0000028131e7c800 JavaThread "Reference Handler" daemon [_thread_blocked, id=1612, stack(0x000000c7b0400000,0x000000c7b0500000)]
  0x0000028131e85800 JavaThread "Finalizer" daemon [_thread_blocked, id=12620, stack(0x000000c7b0500000,0x000000c7b0600000)]
  0x0000028131e9b800 JavaThread "Signal Dispatcher" daemon [_thread_blocked, id=12248, stack(0x000000c7b0600000,0x000000c7b0700000)]
  0x0000028131e9d800 JavaThread "Attach Listener" daemon [_thread_blocked, id=8764, stack(0x000000c7b0700000,0x000000c7b0800000)]
  0x0000028131ea0800 JavaThread "Service Thread" daemon [_thread_blocked, id=1960, stack(0x000000c7b0800000,0x000000c7b0900000)]
  0x0000028131ea2000 JavaThread "C2 CompilerThread0" daemon [_thread_blocked, id=1536, stack(0x000000c7b0900000,0x000000c7b0a00000)]
  0x0000028131ea3000 JavaThread "C1 CompilerThread0" daemon [_thread_blocked, id=6004, stack(0x000000c7b0a00000,0x000000c7b0b00000)]
  0x0000028131eb4000 JavaThread "Sweeper thread" daemon [_thread_blocked, id=7420, stack(0x000000c7b0b00000,0x000000c7b0c00000)]
  0x00000281328bb800 JavaThread "Common-Cleaner" daemon [_thread_blocked, id=13752, stack(0x000000c7b0d00000,0x000000c7b0e00000)]
  0x000002813556d800 JavaThread "C2 CompilerThread1" daemon [_thread_blocked, id=712, stack(0x000000c7b0f00000,0x000000c7b1000000)]

Other Threads:
=>0x0000028131e76000 VMThread "VM Thread" [stack: 0x000000c7b0300000,0x000000c7b0400000] [id=12960]
  0x000002813286e000 WatcherThread [stack: 0x000000c7b0c00000,0x000000c7b0d00000] [id=9524]
  0x0000028115b67800 GCTaskThread "GC Thread#0" [stack: 0x000000c7afe00000,0x000000c7aff00000] [id=9956]
  0x0000028132c7e000 GCTaskThread "GC Thread#1" [stack: 0x000000c7b1000000,0x000000c7b1100000] [id=5720]
  0x0000028133107000 GCTaskThread "GC Thread#2" [stack: 0x000000c7b1100000,0x000000c7b1200000] [id=6808]
  0x0000028115b99000 ConcurrentGCThread "G1 Main Marker" [stack: 0x000000c7aff00000,0x000000c7b0000000] [id=284]
  0x0000028115b9b000 ConcurrentGCThread "G1 Conc#0" [stack: 0x000000c7b0000000,0x000000c7b0100000] [id=4168]
  0x00000281330e2800 ConcurrentGCThread "G1 Conc#1" [stack: 0x000000c7b1200000,0x000000c7b1300000] [id=12576]
  0x0000028131ce0800 ConcurrentGCThread "G1 Refine#0" [stack: 0x000000c7b0100000,0x000000c7b0200000] [id=13436]
  0x00000281333a5800 ConcurrentGCThread "G1 Refine#1" [stack: 0x000000c7b0e00000,0x000000c7b0f00000] [id=14212]
  0x0000028131ce1800 ConcurrentGCThread "G1 Young RemSet Sampling" [stack: 0x000000c7b0200000,0x000000c7b0300000] [id=8896]

Threads with active compile tasks:
C2 CompilerThread1   5381 2943       4       jdk.internal.ref.PhantomCleanable::clean (16 bytes)

VM state:at safepoint (normal execution)

VM Mutex/Monitor currently owned by a thread:  ([mutex/lock_event])
[0x0000028115b51c80] Threads_lock - owner thread: 0x0000028131e76000
[0x0000028115b52100] Heap_lock - owner thread: 0x0000028115b56800

Heap address: 0x0000000082200000, size: 2014 MB, Compressed Oops mode: 32-bit
Narrow klass base: 0x0000000000000000, Narrow klass shift: 3
Compressed class space size: 1073741824 Address: 0x0000000100000000

Heap:
 garbage-first heap   total 178176K, used 24727K [0x0000000082200000, 0x0000000100000000)
  region size 1024K, 5 young (5120K), 5 survivors (5120K)
 Metaspace       used 42953K, capacity 43492K, committed 43696K, reserved 1087488K
  class space    used 5153K, capacity 5361K, committed 5376K, reserved 1048576K
Heap Regions: E=young(eden), S=young(survivor), O=old, HS=humongous(starts), HC=humongous(continues), CS=collection set, F=free, A=archive, TAMS=top-at-mark-start (previous, next)
|   0|0x0000000082200000, 0x0000000082300000, 0x0000000082300000|100%|HS|  |TAMS 0x0000000082300000, 0x0000000082200000| Complete 
|   1|0x0000000082300000, 0x0000000082400000, 0x0000000082400000|100%|HC|  |TAMS 0x0000000082400000, 0x0000000082300000| Complete 
|   2|0x0000000082400000, 0x0000000082500000, 0x0000000082500000|100%|HC|  |TAMS 0x0000000082500000, 0x0000000082400000| Complete 
|   3|0x0000000082500000, 0x0000000082600000, 0x0000000082600000|100%| O|  |TAMS 0x0000000082600000, 0x0000000082500000| Untracked 
|   4|0x0000000082600000, 0x0000000082700000, 0x0000000082700000|100%| O|  |TAMS 0x0000000082700000, 0x0000000082600000| Untracked 
|   5|0x0000000082700000, 0x0000000082800000, 0x0000000082800000|100%|HS|  |TAMS 0x0000000082800000, 0x0000000082700000| Complete 
|   6|0x0000000082800000, 0x0000000082900000, 0x0000000082900000|100%|HC|  |TAMS 0x0000000082900000, 0x0000000082800000| Complete 
|   7|0x0000000082900000, 0x0000000082a00000, 0x0000000082a00000|100%|HC|  |TAMS 0x0000000082a00000, 0x0000000082900000| Complete 
|   8|0x0000000082a00000, 0x0000000082a00000, 0x0000000082b00000|  0%| F|  |TAMS 0x0000000082a00000, 0x0000000082a00000| Untracked 
|   9|0x0000000082b00000, 0x0000000082b00000, 0x0000000082c00000|  0%| F|  |TAMS 0x0000000082b00000, 0x0000000082b00000| Untracked 
|  10|0x0000000082c00000, 0x0000000082d00000, 0x0000000082d00000|100%| O|  |TAMS 0x0000000082d00000, 0x0000000082c00000| Untracked 
|  11|0x0000000082d00000, 0x0000000082e00000, 0x0000000082e00000|100%| O|  |TAMS 0x0000000082e00000, 0x0000000082d00000| Untracked 
|  12|0x0000000082e00000, 0x0000000082f00000, 0x0000000082f00000|100%| O|  |TAMS 0x0000000082f00000, 0x0000000082e00000| Untracked 
|  13|0x0000000082f00000, 0x0000000083000000, 0x0000000083000000|100%| O|  |TAMS 0x0000000083000000, 0x0000000082f00000| Untracked 
|  14|0x0000000083000000, 0x0000000083100000, 0x0000000083100000|100%| O|  |TAMS 0x0000000083100000, 0x0000000083000000| Untracked 
|  15|0x0000000083100000, 0x0000000083200000, 0x0000000083200000|100%| O|  |TAMS 0x0000000083200000, 0x0000000083100000| Untracked 
|  16|0x0000000083200000, 0x0000000083300000, 0x0000000083300000|100%| O|  |TAMS 0x0000000083300000, 0x0000000083200000| Untracked 
|  17|0x0000000083300000, 0x0000000083400000, 0x0000000083400000|100%| O|  |TAMS 0x0000000083400000, 0x0000000083300000| Untracked 
|  18|0x0000000083400000, 0x0000000083500000, 0x0000000083500000|100%| O|  |TAMS 0x0000000083500000, 0x0000000083400000| Untracked 
|  19|0x0000000083500000, 0x0000000083600000, 0x0000000083600000|100%| O|  |TAMS 0x0000000083600000, 0x0000000083500000| Untracked 
|  20|0x0000000083600000, 0x0000000083700000, 0x0000000083700000|100%| O|  |TAMS 0x0000000083700000, 0x0000000083600000| Untracked 
|  21|0x0000000083700000, 0x000000008372c200, 0x0000000083800000| 17%| O|  |TAMS 0x000000008372c200, 0x0000000083700000| Untracked 
|  22|0x0000000083800000, 0x0000000083800000, 0x0000000083900000|  0%| F|  |TAMS 0x0000000083800000, 0x0000000083800000| Untracked 
|  23|0x0000000083900000, 0x0000000083900000, 0x0000000083a00000|  0%| F|  |TAMS 0x0000000083900000, 0x0000000083900000| Untracked 
|  24|0x0000000083a00000, 0x0000000083a00000, 0x0000000083b00000|  0%| F|  |TAMS 0x0000000083a00000, 0x0000000083a00000| Untracked 
|  25|0x0000000083b00000, 0x0000000083b00000, 0x0000000083c00000|  0%| F|  |TAMS 0x0000000083b00000, 0x0000000083b00000| Untracked 
|  26|0x0000000083c00000, 0x0000000083c00000, 0x0000000083d00000|  0%| F|  |TAMS 0x0000000083c00000, 0x0000000083c00000| Untracked 
|  27|0x0000000083d00000, 0x0000000083d00000, 0x0000000083e00000|  0%| F|  |TAMS 0x0000000083d00000, 0x0000000083d00000| Untracked 
|  28|0x0000000083e00000, 0x0000000083e00000, 0x0000000083f00000|  0%| F|  |TAMS 0x0000000083e00000, 0x0000000083e00000| Untracked 
|  29|0x0000000083f00000, 0x0000000083f00000, 0x0000000084000000|  0%| F|  |TAMS 0x0000000083f00000, 0x0000000083f00000| Untracked 
|  30|0x0000000084000000, 0x0000000084000000, 0x0000000084100000|  0%| F|  |TAMS 0x0000000084000000, 0x0000000084000000| Untracked 
|  31|0x0000000084100000, 0x0000000084100000, 0x0000000084200000|  0%| F|  |TAMS 0x0000000084100000, 0x0000000084100000| Untracked 
|  32|0x0000000084200000, 0x0000000084200000, 0x0000000084300000|  0%| F|  |TAMS 0x0000000084200000, 0x0000000084200000| Untracked 
|  33|0x0000000084300000, 0x0000000084300000, 0x0000000084400000|  0%| F|  |TAMS 0x0000000084300000, 0x0000000084300000| Untracked 
|  34|0x0000000084400000, 0x0000000084400000, 0x0000000084500000|  0%| F|  |TAMS 0x0000000084400000, 0x0000000084400000| Untracked 
|  35|0x0000000084500000, 0x0000000084500000, 0x0000000084600000|  0%| F|  |TAMS 0x0000000084500000, 0x0000000084500000| Untracked 
|  36|0x0000000084600000, 0x0000000084600000, 0x0000000084700000|  0%| F|  |TAMS 0x0000000084600000, 0x0000000084600000| Untracked 
|  37|0x0000000084700000, 0x0000000084700000, 0x0000000084800000|  0%| F|  |TAMS 0x0000000084700000, 0x0000000084700000| Untracked 
|  38|0x0000000084800000, 0x0000000084800000, 0x0000000084900000|  0%| F|  |TAMS 0x0000000084800000, 0x0000000084800000| Untracked 
|  39|0x0000000084900000, 0x0000000084900000, 0x0000000084a00000|  0%| F|  |TAMS 0x0000000084900000, 0x0000000084900000| Untracked 
|  40|0x0000000084a00000, 0x0000000084a00000, 0x0000000084b00000|  0%| F|  |TAMS 0x0000000084a00000, 0x0000000084a00000| Untracked 
|  41|0x0000000084b00000, 0x0000000084b00000, 0x0000000084c00000|  0%| F|  |TAMS 0x0000000084b00000, 0x0000000084b00000| Untracked 
|  42|0x0000000084c00000, 0x0000000084c00000, 0x0000000084d00000|  0%| F|  |TAMS 0x0000000084c00000, 0x0000000084c00000| Untracked 
|  43|0x0000000084d00000, 0x0000000084d00000, 0x0000000084e00000|  0%| F|  |TAMS 0x0000000084d00000, 0x0000000084d00000| Untracked 
|  44|0x0000000084e00000, 0x0000000084e00000, 0x0000000084f00000|  0%| F|  |TAMS 0x0000000084e00000, 0x0000000084e00000| Untracked 
|  45|0x0000000084f00000, 0x0000000084f00000, 0x0000000085000000|  0%| F|  |TAMS 0x0000000084f00000, 0x0000000084f00000| Untracked 
|  46|0x0000000085000000, 0x0000000085000000, 0x0000000085100000|  0%| F|  |TAMS 0x0000000085000000, 0x0000000085000000| Untracked 
|  47|0x0000000085100000, 0x0000000085100000, 0x0000000085200000|  0%| F|  |TAMS 0x0000000085100000, 0x0000000085100000| Untracked 
|  48|0x0000000085200000, 0x0000000085200000, 0x0000000085300000|  0%| F|  |TAMS 0x0000000085200000, 0x0000000085200000| Untracked 
|  49|0x0000000085300000, 0x0000000085300000, 0x0000000085400000|  0%| F|  |TAMS 0x0000000085300000, 0x0000000085300000| Untracked 
|  50|0x0000000085400000, 0x0000000085400000, 0x0000000085500000|  0%| F|  |TAMS 0x0000000085400000, 0x0000000085400000| Untracked 
|  51|0x0000000085500000, 0x0000000085500000, 0x0000000085600000|  0%| F|  |TAMS 0x0000000085500000, 0x0000000085500000| Untracked 
|  52|0x0000000085600000, 0x0000000085600000, 0x0000000085700000|  0%| F|  |TAMS 0x0000000085600000, 0x0000000085600000| Untracked 
|  53|0x0000000085700000, 0x0000000085700000, 0x0000000085800000|  0%| F|  |TAMS 0x0000000085700000, 0x0000000085700000| Untracked 
|  54|0x0000000085800000, 0x0000000085800000, 0x0000000085900000|  0%| F|  |TAMS 0x0000000085800000, 0x0000000085800000| Untracked 
|  55|0x0000000085900000, 0x0000000085900000, 0x0000000085a00000|  0%| F|  |TAMS 0x0000000085900000, 0x0000000085900000| Untracked 
|  56|0x0000000085a00000, 0x0000000085a00000, 0x0000000085b00000|  0%| F|  |TAMS 0x0000000085a00000, 0x0000000085a00000| Untracked 
|  57|0x0000000085b00000, 0x0000000085b00000, 0x0000000085c00000|  0%| F|  |TAMS 0x0000000085b00000, 0x0000000085b00000| Untracked 
|  58|0x0000000085c00000, 0x0000000085c00000, 0x0000000085d00000|  0%| F|  |TAMS 0x0000000085c00000, 0x0000000085c00000| Untracked 
|  59|0x0000000085d00000, 0x0000000085d00000, 0x0000000085e00000|  0%| F|  |TAMS 0x0000000085d00000, 0x0000000085d00000| Untracked 
|  60|0x0000000085e00000, 0x0000000085e00000, 0x0000000085f00000|  0%| F|  |TAMS 0x0000000085e00000, 0x0000000085e00000| Untracked 
|  61|0x0000000085f00000, 0x0000000085f00000, 0x0000000086000000|  0%| F|  |TAMS 0x0000000085f00000, 0x0000000085f00000| Untracked 
|  62|0x0000000086000000, 0x0000000086000000, 0x0000000086100000|  0%| F|  |TAMS 0x0000000086000000, 0x0000000086000000| Untracked 
|  63|0x0000000086100000, 0x0000000086100000, 0x0000000086200000|  0%| F|  |TAMS 0x0000000086100000, 0x0000000086100000| Untracked 
|  64|0x0000000086200000, 0x0000000086200000, 0x0000000086300000|  0%| F|  |TAMS 0x0000000086200000, 0x0000000086200000| Untracked 
|  65|0x0000000086300000, 0x0000000086300000, 0x0000000086400000|  0%| F|  |TAMS 0x0000000086300000, 0x0000000086300000| Untracked 
|  66|0x0000000086400000, 0x0000000086400000, 0x0000000086500000|  0%| F|  |TAMS 0x0000000086400000, 0x0000000086400000| Untracked 
|  67|0x0000000086500000, 0x0000000086500000, 0x0000000086600000|  0%| F|  |TAMS 0x0000000086500000, 0x0000000086500000| Untracked 
|  68|0x0000000086600000, 0x0000000086600000, 0x0000000086700000|  0%| F|  |TAMS 0x0000000086600000, 0x0000000086600000| Untracked 
|  69|0x0000000086700000, 0x0000000086700000, 0x0000000086800000|  0%| F|  |TAMS 0x0000000086700000, 0x0000000086700000| Untracked 
|  70|0x0000000086800000, 0x0000000086800000, 0x0000000086900000|  0%| F|  |TAMS 0x0000000086800000, 0x0000000086800000| Untracked 
|  71|0x0000000086900000, 0x0000000086900000, 0x0000000086a00000|  0%| F|  |TAMS 0x0000000086900000, 0x0000000086900000| Untracked 
|  72|0x0000000086a00000, 0x0000000086a00000, 0x0000000086b00000|  0%| F|  |TAMS 0x0000000086a00000, 0x0000000086a00000| Untracked 
|  73|0x0000000086b00000, 0x0000000086b00000, 0x0000000086c00000|  0%| F|  |TAMS 0x0000000086b00000, 0x0000000086b00000| Untracked 
|  74|0x0000000086c00000, 0x0000000086c00000, 0x0000000086d00000|  0%| F|  |TAMS 0x0000000086c00000, 0x0000000086c00000| Untracked 
|  75|0x0000000086d00000, 0x0000000086d00000, 0x0000000086e00000|  0%| F|  |TAMS 0x0000000086d00000, 0x0000000086d00000| Untracked 
|  76|0x0000000086e00000, 0x0000000086e00000, 0x0000000086f00000|  0%| F|  |TAMS 0x0000000086e00000, 0x0000000086e00000| Untracked 
|  77|0x0000000086f00000, 0x0000000086ff9ba0, 0x0000000087000000| 97%| S|CS|TAMS 0x0000000086f00000, 0x0000000086f00000| Complete 
|  78|0x0000000087000000, 0x0000000087100000, 0x0000000087100000|100%| S|CS|TAMS 0x0000000087000000, 0x0000000087000000| Complete 
|  79|0x0000000087100000, 0x0000000087200000, 0x0000000087200000|100%| S|CS|TAMS 0x0000000087100000, 0x0000000087100000| Complete 
|  80|0x0000000087200000, 0x0000000087300000, 0x0000000087300000|100%| S|CS|TAMS 0x0000000087200000, 0x0000000087200000| Complete 
|  81|0x0000000087300000, 0x0000000087400000, 0x0000000087400000|100%| S|CS|TAMS 0x0000000087300000, 0x0000000087300000| Complete 
|  82|0x0000000087400000, 0x0000000087400000, 0x0000000087500000|  0%| F|  |TAMS 0x0000000087400000, 0x0000000087400000| Untracked 
|  83|0x0000000087500000, 0x0000000087500000, 0x0000000087600000|  0%| F|  |TAMS 0x0000000087500000, 0x0000000087500000| Untracked 
|  84|0x0000000087600000, 0x0000000087600000, 0x0000000087700000|  0%| F|  |TAMS 0x0000000087600000, 0x0000000087600000| Untracked 
|  85|0x0000000087700000, 0x0000000087700000, 0x0000000087800000|  0%| F|  |TAMS 0x0000000087700000, 0x0000000087700000| Untracked 
|  86|0x0000000087800000, 0x0000000087800000, 0x0000000087900000|  0%| F|  |TAMS 0x0000000087800000, 0x0000000087800000| Untracked 
|  87|0x0000000087900000, 0x0000000087900000, 0x0000000087a00000|  0%| F|  |TAMS 0x0000000087900000, 0x0000000087900000| Untracked 
|  88|0x0000000087a00000, 0x0000000087a00000, 0x0000000087b00000|  0%| F|  |TAMS 0x0000000087a00000, 0x0000000087a00000| Untracked 
|  89|0x0000000087b00000, 0x0000000087b00000, 0x0000000087c00000|  0%| F|  |TAMS 0x0000000087b00000, 0x0000000087b00000| Untracked 
|  90|0x0000000087c00000, 0x0000000087c00000, 0x0000000087d00000|  0%| F|  |TAMS 0x0000000087c00000, 0x0000000087c00000| Untracked 
|  91|0x0000000087d00000, 0x0000000087d00000, 0x0000000087e00000|  0%| F|  |TAMS 0x0000000087d00000, 0x0000000087d00000| Untracked 
|  92|0x0000000087e00000, 0x0000000087e00000, 0x0000000087f00000|  0%| F|  |TAMS 0x0000000087e00000, 0x0000000087e00000| Untracked 
|  93|0x0000000087f00000, 0x0000000087f00000, 0x0000000088000000|  0%| F|  |TAMS 0x0000000087f00000, 0x0000000087f00000| Untracked 
|  94|0x0000000088000000, 0x0000000088000000, 0x0000000088100000|  0%| F|  |TAMS 0x0000000088000000, 0x0000000088000000| Untracked 
|  95|0x0000000088100000, 0x0000000088100000, 0x0000000088200000|  0%| F|  |TAMS 0x0000000088100000, 0x0000000088100000| Untracked 
|  96|0x0000000088200000, 0x0000000088200000, 0x0000000088300000|  0%| F|  |TAMS 0x0000000088200000, 0x0000000088200000| Untracked 
|  97|0x0000000088300000, 0x0000000088300000, 0x0000000088400000|  0%| F|  |TAMS 0x0000000088300000, 0x0000000088300000| Untracked 
|  98|0x0000000088400000, 0x0000000088400000, 0x0000000088500000|  0%| F|  |TAMS 0x0000000088400000, 0x0000000088400000| Untracked 
|  99|0x0000000088500000, 0x0000000088500000, 0x0000000088600000|  0%| F|  |TAMS 0x0000000088500000, 0x0000000088500000| Untracked 
| 100|0x0000000088600000, 0x0000000088600000, 0x0000000088700000|  0%| F|  |TAMS 0x0000000088600000, 0x0000000088600000| Untracked 
| 101|0x0000000088700000, 0x0000000088700000, 0x0000000088800000|  0%| F|  |TAMS 0x0000000088700000, 0x0000000088700000| Untracked 
| 102|0x0000000088800000, 0x0000000088800000, 0x0000000088900000|  0%| F|  |TAMS 0x0000000088800000, 0x0000000088800000| Untracked 
| 103|0x0000000088900000, 0x0000000088900000, 0x0000000088a00000|  0%| F|  |TAMS 0x0000000088900000, 0x0000000088900000| Untracked 
| 104|0x0000000088a00000, 0x0000000088a00000, 0x0000000088b00000|  0%| F|  |TAMS 0x0000000088a00000, 0x0000000088a00000| Untracked 
| 105|0x0000000088b00000, 0x0000000088b00000, 0x0000000088c00000|  0%| F|  |TAMS 0x0000000088b00000, 0x0000000088b00000| Untracked 
| 106|0x0000000088c00000, 0x0000000088c00000, 0x0000000088d00000|  0%| F|  |TAMS 0x0000000088c00000, 0x0000000088c00000| Untracked 
| 107|0x0000000088d00000, 0x0000000088d00000, 0x0000000088e00000|  0%| F|  |TAMS 0x0000000088d00000, 0x0000000088d00000| Untracked 
| 108|0x0000000088e00000, 0x0000000088e00000, 0x0000000088f00000|  0%| F|  |TAMS 0x0000000088e00000, 0x0000000088e00000| Untracked 
| 109|0x0000000088f00000, 0x0000000088f00000, 0x0000000089000000|  0%| F|  |TAMS 0x0000000088f00000, 0x0000000088f00000| Untracked 
| 110|0x0000000089000000, 0x0000000089000000, 0x0000000089100000|  0%| F|  |TAMS 0x0000000089000000, 0x0000000089000000| Untracked 
| 111|0x0000000089100000, 0x0000000089100000, 0x0000000089200000|  0%| F|  |TAMS 0x0000000089100000, 0x0000000089100000| Untracked 
| 112|0x0000000089200000, 0x0000000089200000, 0x0000000089300000|  0%| F|  |TAMS 0x0000000089200000, 0x0000000089200000| Untracked 
| 113|0x0000000089300000, 0x0000000089300000, 0x0000000089400000|  0%| F|  |TAMS 0x0000000089300000, 0x0000000089300000| Untracked 
| 114|0x0000000089400000, 0x0000000089400000, 0x0000000089500000|  0%| F|  |TAMS 0x0000000089400000, 0x0000000089400000| Untracked 
| 115|0x0000000089500000, 0x0000000089500000, 0x0000000089600000|  0%| F|  |TAMS 0x0000000089500000, 0x0000000089500000| Untracked 
| 116|0x0000000089600000, 0x0000000089600000, 0x0000000089700000|  0%| F|  |TAMS 0x0000000089600000, 0x0000000089600000| Untracked 
| 117|0x0000000089700000, 0x0000000089700000, 0x0000000089800000|  0%| F|  |TAMS 0x0000000089700000, 0x0000000089700000| Untracked 
| 118|0x0000000089800000, 0x0000000089800000, 0x0000000089900000|  0%| F|  |TAMS 0x0000000089800000, 0x0000000089800000| Untracked 
| 119|0x0000000089900000, 0x0000000089900000, 0x0000000089a00000|  0%| F|  |TAMS 0x0000000089900000, 0x0000000089900000| Untracked 
| 120|0x0000000089a00000, 0x0000000089a00000, 0x0000000089b00000|  0%| F|  |TAMS 0x0000000089a00000, 0x0000000089a00000| Untracked 
| 121|0x0000000089b00000, 0x0000000089b00000, 0x0000000089c00000|  0%| F|  |TAMS 0x0000000089b00000, 0x0000000089b00000| Untracked 
| 122|0x0000000089c00000, 0x0000000089c00000, 0x0000000089d00000|  0%| F|  |TAMS 0x0000000089c00000, 0x0000000089c00000| Untracked 
| 123|0x0000000089d00000, 0x0000000089d00000, 0x0000000089e00000|  0%| F|  |TAMS 0x0000000089d00000, 0x0000000089d00000| Untracked 
| 124|0x0000000089e00000, 0x0000000089e00000, 0x0000000089f00000|  0%| F|  |TAMS 0x0000000089e00000, 0x0000000089e00000| Untracked 
| 125|0x0000000089f00000, 0x0000000089f00000, 0x000000008a000000|  0%| F|  |TAMS 0x0000000089f00000, 0x0000000089f00000| Untracked 

Card table byte_map: [0x000002812acd0000,0x000002812b0c0000] _byte_map_base: 0x000002812a8bf000

Marking Bits (Prev, Next): (CMBitMap*) 0x0000028115b90588, (CMBitMap*) 0x0000028115b905c0
 Prev Bits: [0x000002812b4b0000, 0x000002812d428000)
 Next Bits: [0x000002812d430000, 0x000002812f3a8000)

Polling page: 0x0000028115a10000

Metaspace:

Usage:
  Non-class:     37.24 MB capacity,    36.91 MB (>99%) used,   270.80 KB ( <1%) free+waste,    60.63 KB ( <1%) overhead. 
      Class:      5.24 MB capacity,     5.03 MB ( 96%) used,   180.15 KB (  3%) free+waste,    27.25 KB ( <1%) overhead. 
       Both:     42.47 MB capacity,    41.95 MB ( 99%) used,   450.95 KB (  1%) free+waste,    87.88 KB ( <1%) overhead. 

Virtual space:
  Non-class space:       38.00 MB reserved,      37.42 MB ( 98%) committed 
      Class space:        1.00 GB reserved,       5.25 MB ( <1%) committed 
             Both:        1.04 GB reserved,      42.67 MB (  4%) committed 

Chunk freelists:
   Non-Class:  61.00 KB
       Class:  15.00 KB
        Both:  76.00 KB

MaxMetaspaceSize: 17179869184.00 GB
CompressedClassSpaceSize: 1.00 GB
Initial GC threshold: 20.80 MB
Current GC threshold: 59.00 MB
CDS: off

CodeHeap 'non-profiled nmethods': size=120000Kb used=1229Kb max_used=1229Kb free=118770Kb
 bounds [0x0000028122950000, 0x0000028122bc0000, 0x0000028129e80000]
CodeHeap 'profiled nmethods': size=120000Kb used=5988Kb max_used=5988Kb free=114011Kb
 bounds [0x000002811b420000, 0x000002811ba00000, 0x0000028122950000]
CodeHeap 'non-nmethods': size=5760Kb used=1261Kb max_used=1298Kb free=4498Kb
 bounds [0x000002811ae80000, 0x000002811b0f0000, 0x000002811b420000]
 total_blobs=3478 nmethods=2932 adapters=458
 compilation: enabled
              stopped_count=0, restarted_count=0
 full_count=0

Compilation events (20 events):
Event: 5.307 Thread 0x0000028131ea3000 nmethod 2935 0x000002811b9f1190 code [0x000002811b9f1440, 0x000002811b9f1ff8]
Event: 5.307 Thread 0x0000028131ea3000 2936       3       org.jetbrains.kotlin.container.ComponentResolveContext::<init> (17 bytes)
Event: 5.308 Thread 0x0000028131ea3000 nmethod 2936 0x000002811b9f2410 code [0x000002811b9f26c0, 0x000002811b9f3318]
Event: 5.308 Thread 0x0000028131ea3000 2934       3       org.jetbrains.kotlin.container.SingletonDescriptor::setState (12 bytes)
Event: 5.309 Thread 0x0000028131ea3000 nmethod 2934 0x000002811b9f3790 code [0x000002811b9f39c0, 0x000002811b9f3f98]
Event: 5.309 Thread 0x0000028131ea3000 2937       3       org.jetbrains.kotlin.container.StorageComponentContainer::createResolveContext (40 bytes)
Event: 5.310 Thread 0x0000028131ea3000 nmethod 2937 0x000002811b9f4210 code [0x000002811b9f44a0, 0x000002811b9f4f48]
Event: 5.310 Thread 0x0000028131ea3000 2938       1       org.jetbrains.kotlin.resolve.ImportPath::getFqName (5 bytes)
Event: 5.310 Thread 0x0000028131ea3000 nmethod 2938 0x0000028122a82d10 code [0x0000028122a82ec0, 0x0000028122a82f78]
Event: 5.310 Thread 0x0000028131ea3000 2939       1       org.jetbrains.kotlin.container.SetterInfo::component1 (5 bytes)
Event: 5.310 Thread 0x0000028131ea3000 nmethod 2939 0x0000028122a83010 code [0x0000028122a831c0, 0x0000028122a83278]
Event: 5.310 Thread 0x0000028131ea3000 2930       1       org.jetbrains.kotlin.container.SetterInfo::getParameters (5 bytes)
Event: 5.311 Thread 0x0000028131ea3000 nmethod 2930 0x0000028122a83310 code [0x0000028122a834c0, 0x0000028122a83578]
Event: 5.331 Thread 0x0000028131ea3000 2940   !   3       java.util.concurrent.ConcurrentHashMap::putVal (432 bytes)
Event: 5.334 Thread 0x0000028131ea3000 nmethod 2940 0x000002811b9f5310 code [0x000002811b9f56a0, 0x000002811b9f77d8]
Event: 5.334 Thread 0x0000028131ea3000 2941       3       java.lang.String::substring (58 bytes)
Event: 5.335 Thread 0x0000028131ea3000 nmethod 2941 0x000002811b9f8290 code [0x000002811b9f84c0, 0x000002811b9f8b48]
Event: 5.335 Thread 0x0000028131ea3000 2942       3       java.lang.String::replace (42 bytes)
Event: 5.336 Thread 0x0000028131ea3000 nmethod 2942 0x000002811b9f8d90 code [0x000002811b9f8f60, 0x000002811b9f9278]
Event: 5.337 Thread 0x000002813556d800 2943       4       jdk.internal.ref.PhantomCleanable::clean (16 bytes)

GC Heap History (9 events):
Event: 0.603 GC heap before
{Heap before GC invocations=0 (full 0):
 garbage-first heap   total 129024K, used 27648K [0x0000000082200000, 0x0000000100000000)
  region size 1024K, 24 young (24576K), 0 survivors (0K)
 Metaspace       used 12165K, capacity 12286K, committed 12416K, reserved 1060864K
  class space    used 1090K, capacity 1113K, committed 1152K, reserved 1048576K
}
Event: 0.609 GC heap after
{Heap after GC invocations=1 (full 0):
 garbage-first heap   total 129024K, used 6157K [0x0000000082200000, 0x0000000100000000)
  region size 1024K, 3 young (3072K), 3 survivors (3072K)
 Metaspace       used 12165K, capacity 12286K, committed 12416K, reserved 1060864K
  class space    used 1090K, capacity 1113K, committed 1152K, reserved 1048576K
}
Event: 1.271 GC heap before
{Heap before GC invocations=1 (full 0):
 garbage-first heap   total 129024K, used 43021K [0x0000000082200000, 0x0000000100000000)
  region size 1024K, 40 young (40960K), 3 survivors (3072K)
 Metaspace       used 20916K, capacity 21162K, committed 21296K, reserved 1069056K
  class space    used 2258K, capacity 2376K, committed 2432K, reserved 1048576K
}
Event: 1.284 GC heap after
{Heap after GC invocations=2 (full 0):
 garbage-first heap   total 129024K, used 9787K [0x0000000082200000, 0x0000000100000000)
  region size 1024K, 7 young (7168K), 7 survivors (7168K)
 Metaspace       used 20916K, capacity 21162K, committed 21296K, reserved 1069056K
  class space    used 2258K, capacity 2376K, committed 2432K, reserved 1048576K
}
Event: 2.990 GC heap before
{Heap before GC invocations=3 (full 0):
 garbage-first heap   total 129024K, used 66107K [0x0000000082200000, 0x0000000100000000)
  region size 1024K, 57 young (58368K), 7 survivors (7168K)
 Metaspace       used 32669K, capacity 33168K, committed 33456K, reserved 1079296K
  class space    used 4090K, capacity 4290K, committed 4352K, reserved 1048576K
}
Event: 3.029 GC heap after
{Heap after GC invocations=4 (full 0):
 garbage-first heap   total 129024K, used 21309K [0x0000000082200000, 0x0000000100000000)
  region size 1024K, 8 young (8192K), 8 survivors (8192K)
 Metaspace       used 32669K, capacity 33168K, committed 33456K, reserved 1079296K
  class space    used 4090K, capacity 4290K, committed 4352K, reserved 1048576K
}
Event: 3.537 GC heap before
{Heap before GC invocations=4 (full 0):
 garbage-first heap   total 129024K, used 31549K [0x0000000082200000, 0x0000000100000000)
  region size 1024K, 19 young (19456K), 8 survivors (8192K)
 Metaspace       used 35233K, capacity 35765K, committed 35920K, reserved 1081344K
  class space    used 4379K, capacity 4580K, committed 4608K, reserved 1048576K
}
Event: 3.577 GC heap after
{Heap after GC invocations=5 (full 0):
 garbage-first heap   total 129024K, used 23685K [0x0000000082200000, 0x0000000100000000)
  region size 1024K, 2 young (2048K), 2 survivors (2048K)
 Metaspace       used 35233K, capacity 35765K, committed 35920K, reserved 1081344K
  class space    used 4379K, capacity 4580K, committed 4608K, reserved 1048576K
}
Event: 5.339 GC heap before
{Heap before GC invocations=6 (full 0):
 garbage-first heap   total 129024K, used 66693K [0x0000000082200000, 0x0000000100000000)
  region size 1024K, 44 young (45056K), 2 survivors (2048K)
 Metaspace       used 42953K, capacity 43492K, committed 43696K, reserved 1087488K
  class space    used 5153K, capacity 5361K, committed 5376K, reserved 1048576K
}

Deoptimization events (20 events):
Event: 5.325 Thread 0x0000028115b56800 Uncommon trap: trap_request=0xffffff4d fr.pc=0x00000281229879ec relative=0x0000000000000c4c
Event: 5.326 Thread 0x0000028115b56800 Uncommon trap: reason=unstable_if action=reinterpret pc=0x00000281229879ec method=java.lang.StringCoding.encodeUTF8(B[BZ)[B @ 2 c2
Event: 5.326 Thread 0x0000028115b56800 DEOPT PACKING pc=0x00000281229879ec sp=0x000000c7afdf6120
Event: 5.326 Thread 0x0000028115b56800 DEOPT UNPACKING pc=0x000002811aeca1af sp=0x000000c7afdf5f10 mode 2
Event: 5.326 Thread 0x0000028115b56800 Uncommon trap: trap_request=0xffffff4d fr.pc=0x0000028122a54048 relative=0x0000000000000268
Event: 5.326 Thread 0x0000028115b56800 Uncommon trap: reason=unstable_if action=reinterpret pc=0x0000028122a54048 method=sun.net.www.ParseUtil.firstEncodeIndex(Ljava/lang/String;)I @ 27 c2
Event: 5.326 Thread 0x0000028115b56800 DEOPT PACKING pc=0x0000028122a54048 sp=0x000000c7afdf6260
Event: 5.326 Thread 0x0000028115b56800 DEOPT UNPACKING pc=0x000002811aeca1af sp=0x000000c7afdf6088 mode 2
Event: 5.326 Thread 0x0000028115b56800 Uncommon trap: trap_request=0xffffff4d fr.pc=0x00000281229d5210 relative=0x0000000000000170
Event: 5.326 Thread 0x0000028115b56800 Uncommon trap: reason=unstable_if action=reinterpret pc=0x00000281229d5210 method=java.lang.String.indexOf(II)I @ 4 c2
Event: 5.326 Thread 0x0000028115b56800 DEOPT PACKING pc=0x00000281229d5210 sp=0x000000c7afdf5f70
Event: 5.326 Thread 0x0000028115b56800 DEOPT UNPACKING pc=0x000002811aeca1af sp=0x000000c7afdf5ea0 mode 2
Event: 5.326 Thread 0x0000028115b56800 Uncommon trap: trap_request=0xffffff4d fr.pc=0x0000028122a1b8b4 relative=0x0000000000000194
Event: 5.326 Thread 0x0000028115b56800 Uncommon trap: reason=unstable_if action=reinterpret pc=0x0000028122a1b8b4 method=java.lang.String.startsWith(Ljava/lang/String;I)Z @ 46 c2
Event: 5.326 Thread 0x0000028115b56800 DEOPT PACKING pc=0x0000028122a1b8b4 sp=0x000000c7afdf5ff0
Event: 5.326 Thread 0x0000028115b56800 DEOPT UNPACKING pc=0x000002811aeca1af sp=0x000000c7afdf5f58 mode 2
Event: 5.326 Thread 0x0000028115b56800 Uncommon trap: trap_request=0xffffff4d fr.pc=0x0000028122a65aac relative=0x00000000000006cc
Event: 5.326 Thread 0x0000028115b56800 Uncommon trap: reason=unstable_if action=reinterpret pc=0x0000028122a65aac method=java.lang.String.lastIndexOf(II)I @ 4 c2
Event: 5.327 Thread 0x0000028115b56800 DEOPT PACKING pc=0x0000028122a65aac sp=0x000000c7afdf6060
Event: 5.327 Thread 0x0000028115b56800 DEOPT UNPACKING pc=0x000002811aeca1af sp=0x000000c7afdf5f50 mode 2

Classes redefined (0 events):
No events

Internal exceptions (20 events):
Event: 1.022 Thread 0x0000028115b56800 Exception <a 'java/lang/NoSuchMethodError'{0x00000000888466c0}: 'long java.lang.invoke.DelegatingMethodHandle$Holder.reinvoke_L(java.lang.Object, java.lang.Object, java.lang.Object)'> (0x00000000888466c0) thrown at [./src/hotspot/share/interpreter/linkResolver.cpp, line 773]
Event: 1.023 Thread 0x0000028115b56800 Exception <a 'java/lang/NoSuchMethodError'{0x0000000088850380}: 'int java.lang.invoke.DirectMethodHandle$Holder.invokeSpecial(java.lang.Object, java.lang.Object, java.lang.Object, java.lang.Object)'> (0x0000000088850380) thrown at [./src/hotspot/share/interpreter/linkResolver.cpp, line 773]
Event: 1.025 Thread 0x0000028115b56800 Exception <a 'java/lang/NoSuchMethodError'{0x000000008885f160}: 'int java.lang.invoke.DelegatingMethodHandle$Holder.reinvoke_L(java.lang.Object, java.lang.Object, java.lang.Object, long, int)'> (0x000000008885f160) thrown at [./src/hotspot/share/interpreter/linkResolver.cpp, line 773]
Event: 1.121 Thread 0x0000028115b56800 Exception <a 'java/lang/NoSuchMethodError'{0x00000000881c9e28}: 'int java.lang.invoke.DirectMethodHandle$Holder.invokeSpecialIFC(java.lang.Object, java.lang.Object, int)'> (0x00000000881c9e28) thrown at [./src/hotspot/share/interpreter/linkResolver.cpp, line 773]
Event: 1.313 Thread 0x0000028115b56800 Exception <a 'java/lang/NoSuchMethodError'{0x0000000089e9fa28}: 'java.lang.Object java.lang.invoke.DirectMethodHandle$Holder.invokeStaticInit(java.lang.Object, int)'> (0x0000000089e9fa28) thrown at [./src/hotspot/share/interpreter/linkResolver.cpp, line 773]
Event: 1.348 Thread 0x0000028115b56800 Exception <a 'java/lang/NoSuchMethodError'{0x0000000089c6b4c8}: 'long java.lang.invoke.DirectMethodHandle$Holder.invokeStatic(java.lang.Object)'> (0x0000000089c6b4c8) thrown at [./src/hotspot/share/interpreter/linkResolver.cpp, line 773]
Event: 1.349 Thread 0x0000028115b56800 Exception <a 'java/lang/NoSuchMethodError'{0x0000000089c6e320}: 'long java.lang.invoke.DirectMethodHandle$Holder.invokeStaticInit(java.lang.Object)'> (0x0000000089c6e320) thrown at [./src/hotspot/share/interpreter/linkResolver.cpp, line 773]
Event: 1.417 Thread 0x0000028115b56800 Exception <a 'java/lang/NoSuchMethodError'{0x00000000898187b8}: 'int java.lang.invoke.DirectMethodHandle$Holder.invokeStaticInit(java.lang.Object, java.lang.Object, java.lang.Object)'> (0x00000000898187b8) thrown at [./src/hotspot/share/interpreter/linkResolver.cpp, line 773]
Event: 1.421 Thread 0x0000028115b56800 Exception <a 'java/lang/NoSuchMethodError'{0x00000000898434a8}: 'int java.lang.invoke.DirectMethodHandle$Holder.invokeStaticInit(java.lang.Object, java.lang.Object)'> (0x00000000898434a8) thrown at [./src/hotspot/share/interpreter/linkResolver.cpp, line 773]
Event: 1.475 Thread 0x0000028115b56800 Exception <a 'java/lang/NoSuchMethodError'{0x0000000089659e18}: 'void java.lang.invoke.DirectMethodHandle$Holder.invokeSpecial(java.lang.Object, java.lang.Object)'> (0x0000000089659e18) thrown at [./src/hotspot/share/interpreter/linkResolver.cpp, line 773]
Event: 1.737 Thread 0x0000028115b56800 Exception <a 'java/lang/NoSuchMethodError'{0x0000000088eec778}: 'java.lang.Object java.lang.invoke.DirectMethodHandle$Holder.invokeStatic(java.lang.Object, java.lang.Object, java.lang.Object, java.lang.Object, java.lang.Object, java.lang.Object, java.lang.Object, java.lang.Object, java.lang.Object, java.lang.Object, java.lang.Object, java.lang.Object, java.lang.Object, java.lang.Object, java.lang.Object)'> (0x0000000088eec778) thrown at [./src/hotspot/share/interpreter/linkResolver.cpp, line 773]
Event: 1.739 Thread 0x0000028115b56800 Exception <a 'java/lang/NoSuchMethodError'{0x0000000088efa780}: 'java.lang.Object java.lang.invoke.DirectMethodHandle$Holder.invokeStatic(java.lang.Object, java.lang.Object, java.lang.Object, java.lang.Object, java.lang.Object, java.lang.Object, java.lang.Object, java.lang.Object, java.lang.Object, java.lang.Object, java.lang.Object, java.lang.Object, java.lang.Object, java.lang.Object, java.lang.Object, java.lang.Object)'> (0x0000000088efa780) thrown at [./src/hotspot/share/interpreter/linkResolver.cpp, l
Event: 1.742 Thread 0x0000028115b56800 Exception <a 'java/lang/NoSuchMethodError'{0x0000000088d08b38}: 'java.lang.Object java.lang.invoke.DirectMethodHandle$Holder.invokeSpecial(java.lang.Object, java.lang.Object, int, int, java.lang.Object, java.lang.Object, java.lang.Object)'> (0x0000000088d08b38) thrown at [./src/hotspot/share/interpreter/linkResolver.cpp, line 773]
Event: 1.742 Thread 0x0000028115b56800 Exception <a 'java/lang/NoSuchMethodError'{0x0000000088d0c370}: 'java.lang.Object java.lang.invoke.DelegatingMethodHandle$Holder.reinvoke_L(java.lang.Object, int, int, java.lang.Object, java.lang.Object, java.lang.Object)'> (0x0000000088d0c370) thrown at [./src/hotspot/share/interpreter/linkResolver.cpp, line 773]
Event: 1.743 Thread 0x0000028115b56800 Exception <a 'java/lang/NoSuchMethodError'{0x0000000088d106f8}: 'java.lang.Object java.lang.invoke.DirectMethodHandle$Holder.invokeStatic(java.lang.Object, java.lang.Object, java.lang.Object, java.lang.Object, int)'> (0x0000000088d106f8) thrown at [./src/hotspot/share/interpreter/linkResolver.cpp, line 773]
Event: 1.837 Thread 0x0000028115b56800 Exception <a 'java/lang/NoSuchMethodError'{0x0000000088c35240}: 'void java.lang.invoke.DirectMethodHandle$Holder.invokeStatic(java.lang.Object, java.lang.Object, java.lang.Object, java.lang.Object)'> (0x0000000088c35240) thrown at [./src/hotspot/share/interpreter/linkResolver.cpp, line 773]
Event: 1.948 Thread 0x0000028115b56800 Exception <a 'java/lang/NoSuchMethodError'{0x0000000088820738}: 'void java.lang.invoke.DirectMethodHandle$Holder.invokeStaticInit(java.lang.Object, java.lang.Object)'> (0x0000000088820738) thrown at [./src/hotspot/share/interpreter/linkResolver.cpp, line 773]
Event: 2.108 Thread 0x0000028115b56800 Exception <a 'java/lang/NoSuchMethodError'{0x00000000884b04f8}: 'void java.lang.invoke.DirectMethodHandle$Holder.invokeVirtual(java.lang.Object, java.lang.Object)'> (0x00000000884b04f8) thrown at [./src/hotspot/share/interpreter/linkResolver.cpp, line 773]
Event: 2.126 Thread 0x0000028115b56800 Exception <a 'java/lang/NoSuchMethodError'{0x000000008833b6e0}: 'int java.lang.invoke.DirectMethodHandle$Holder.invokeVirtual(java.lang.Object, java.lang.Object)'> (0x000000008833b6e0) thrown at [./src/hotspot/share/interpreter/linkResolver.cpp, line 773]
Event: 3.764 Thread 0x0000028115b56800 Exception <a 'java/lang/NoSuchMethodError'{0x0000000089bda9c0}: 'java.lang.Object java.lang.invoke.DirectMethodHandle$Holder.invokeVirtual(java.lang.Object, java.lang.Object, java.lang.Object)'> (0x0000000089bda9c0) thrown at [./src/hotspot/share/interpreter/linkResolver.cpp, line 773]

Events (20 events):
Event: 5.332 loading class javaslang/collection/Set done
Event: 5.333 loading class javaslang/collection/HashArrayMappedTrie
Event: 5.333 loading class javaslang/collection/HashArrayMappedTrie done
Event: 5.334 loading class javaslang/collection/HashArrayMappedTrieModule$EmptyNode
Event: 5.334 loading class javaslang/collection/HashArrayMappedTrieModule$EmptyNode done
Event: 5.335 loading class javaslang/collection/HashArrayMappedTrieModule$AbstractNode
Event: 5.335 loading class javaslang/collection/HashArrayMappedTrieModule$AbstractNode done
Event: 5.336 loading class javaslang/collection/HashArrayMappedTrieModule$LeafSingleton
Event: 5.336 loading class javaslang/collection/HashArrayMappedTrieModule$LeafSingleton done
Event: 5.336 loading class javaslang/collection/HashArrayMappedTrieModule$LeafNode
Event: 5.336 loading class javaslang/collection/HashArrayMappedTrieModule$LeafNode done
Event: 5.337 loading class org/jetbrains/kotlin/com/intellij/testFramework/ReadOnlyLightVirtualFile
Event: 5.337 loading class org/jetbrains/kotlin/com/intellij/testFramework/ReadOnlyLightVirtualFile done
Event: 5.337 loading class org/jetbrains/kotlin/com/intellij/util/AstLoadingFilter
Event: 5.337 loading class org/jetbrains/kotlin/com/intellij/util/AstLoadingFilter done
Event: 5.338 loading class org/jetbrains/kotlin/com/intellij/util/AstLoadingException
Event: 5.338 loading class org/jetbrains/kotlin/com/intellij/util/AstLoadingException done
Event: 5.338 loading class org/jetbrains/kotlin/com/intellij/util/exception/FrequentErrorLogger
Event: 5.338 loading class org/jetbrains/kotlin/com/intellij/util/exception/FrequentErrorLogger done
Event: 5.339 Executing VM operation: G1CollectForAllocation


Dynamic libraries:
0x00007ff7aaf60000 - 0x00007ff7aaf6a000 	D:\program\Android\jre\bin\java.exe
0x00007fff48520000 - 0x00007fff48729000 	C:\WINDOWS\SYSTEM32\ntdll.dll
0x00007fff46d00000 - 0x00007fff46dbe000 	C:\WINDOWS\System32\KERNEL32.DLL
0x00007fff45cb0000 - 0x00007fff4602b000 	C:\WINDOWS\System32\KERNELBASE.dll
0x00007fff45b90000 - 0x00007fff45ca1000 	C:\WINDOWS\System32\ucrtbase.dll
0x00007fff1dbb0000 - 0x00007fff1dbc7000 	D:\program\Android\jre\bin\VCRUNTIME140.dll
0x00007fff1dca0000 - 0x00007fff1dcb9000 	D:\program\Android\jre\bin\jli.dll
0x00007fff46ae0000 - 0x00007fff46c8d000 	C:\WINDOWS\System32\USER32.dll
0x00007fff20280000 - 0x00007fff20525000 	C:\WINDOWS\WinSxS\amd64_microsoft.windows.common-controls_6595b64144ccf1df_6.0.22000.120_none_9d947278b86cc467\COMCTL32.dll
0x00007fff45b60000 - 0x00007fff45b86000 	C:\WINDOWS\System32\win32u.dll
0x00007fff46810000 - 0x00007fff468b3000 	C:\WINDOWS\System32\msvcrt.dll
0x00007fff46dc0000 - 0x00007fff46de9000 	C:\WINDOWS\System32\GDI32.dll
0x00007fff46170000 - 0x00007fff46288000 	C:\WINDOWS\System32\gdi32full.dll
0x00007fff46290000 - 0x00007fff4632d000 	C:\WINDOWS\System32\msvcp_win.dll
0x00007fff48290000 - 0x00007fff482c2000 	C:\WINDOWS\System32\IMM32.DLL
0x00007ffef96b0000 - 0x00007ffef974d000 	D:\program\Android\jre\bin\msvcp140.dll
0x00007ffef2be0000 - 0x00007ffef36e2000 	D:\program\Android\jre\bin\server\jvm.dll
0x00007fff47990000 - 0x00007fff47a3e000 	C:\WINDOWS\System32\ADVAPI32.dll
0x00007fff47f80000 - 0x00007fff4801e000 	C:\WINDOWS\System32\sechost.dll
0x00007fff46df0000 - 0x00007fff46f10000 	C:\WINDOWS\System32\RPCRT4.dll
0x00007fff477d0000 - 0x00007fff477d8000 	C:\WINDOWS\System32\PSAPI.DLL
0x00007fff286f0000 - 0x00007fff286f9000 	C:\WINDOWS\SYSTEM32\WSOCK32.dll
0x00007fff3c870000 - 0x00007fff3c8a3000 	C:\WINDOWS\SYSTEM32\WINMM.dll
0x00007fff3c580000 - 0x00007fff3c58a000 	C:\WINDOWS\SYSTEM32\VERSION.dll
0x00007fff46f30000 - 0x00007fff46f9f000 	C:\WINDOWS\System32\WS2_32.dll
0x00007fff44a70000 - 0x00007fff44a88000 	C:\WINDOWS\SYSTEM32\kernel.appcore.dll
0x00007fff286d0000 - 0x00007fff286e1000 	D:\program\Android\jre\bin\verify.dll
0x00007fff43420000 - 0x00007fff43641000 	C:\WINDOWS\SYSTEM32\DBGHELP.DLL
0x00007fff3c950000 - 0x00007fff3c981000 	C:\WINDOWS\SYSTEM32\dbgcore.DLL
0x00007fff46030000 - 0x00007fff460af000 	C:\WINDOWS\System32\bcryptPrimitives.dll
0x00007fff26e00000 - 0x00007fff26e29000 	D:\program\Android\jre\bin\java.dll
0x00007fff26f30000 - 0x00007fff26f3b000 	D:\program\Android\jre\bin\jimage.dll
0x00007fff25f80000 - 0x00007fff25f98000 	D:\program\Android\jre\bin\zip.dll
0x00007fff47000000 - 0x00007fff477b8000 	C:\WINDOWS\System32\SHELL32.dll
0x00007fff43ae0000 - 0x00007fff44345000 	C:\WINDOWS\SYSTEM32\windows.storage.dll
0x00007fff47c00000 - 0x00007fff47f78000 	C:\WINDOWS\System32\combase.dll
0x00007fff43970000 - 0x00007fff43ad6000 	C:\WINDOWS\SYSTEM32\wintypes.dll
0x00007fff48080000 - 0x00007fff4816a000 	C:\WINDOWS\System32\SHCORE.dll
0x00007fff48170000 - 0x00007fff481cd000 	C:\WINDOWS\System32\shlwapi.dll
0x00007fff45920000 - 0x00007fff45941000 	C:\WINDOWS\SYSTEM32\profapi.dll
0x00007fff25f60000 - 0x00007fff25f7a000 	D:\program\Android\jre\bin\net.dll
0x00007fff3d050000 - 0x00007fff3d164000 	C:\WINDOWS\SYSTEM32\WINHTTP.dll
0x00007fff44f10000 - 0x00007fff44f77000 	C:\WINDOWS\system32\mswsock.dll
0x00007fff21280000 - 0x00007fff21294000 	D:\program\Android\jre\bin\nio.dll

dbghelp: loaded successfully - version: 4.0.5 - missing functions: none
symbol engine: initialized successfully - sym options: 0x614 - pdb path: .;D:\program\Android\jre\bin;C:\WINDOWS\SYSTEM32;C:\WINDOWS\WinSxS\amd64_microsoft.windows.common-controls_6595b64144ccf1df_6.0.22000.120_none_9d947278b86cc467;D:\program\Android\jre\bin\server

VM Arguments:
java_command: org.jetbrains.kotlin.cli.jvm.K2JVMCompiler @D:\Document\Git\Project1\Student-Attendance-Project\app\build\20221116_12500608850302576871.compiler.options
java_class_path (initial): C:\Users\Acer\.gradle\caches\modules-2\files-2.1\org.jetbrains.kotlin\kotlin-compiler-embeddable\1.7.10\909803167c98606fcf22b4c848647c68e351d48d\kotlin-compiler-embeddable-1.7.10.jar;C:\Users\Acer\.gradle\caches\modules-2\files-2.1\org.jetbrains.kotlin\kotlin-reflect\1.7.10\165e600dfea6185cf5efa700756294cc4904dbeb\kotlin-reflect-1.7.10.jar;C:\Users\Acer\.gradle\caches\modules-2\files-2.1\org.jetbrains.kotlin\kotlin-stdlib\1.7.10\d2abf9e77736acc4450dc4a3f707fa2c10f5099d\kotlin-stdlib-1.7.10.jar;C:\Users\Acer\.gradle\caches\modules-2\files-2.1\org.jetbrains.kotlin\kotlin-script-runtime\1.7.10\c99c87a6988d8fd8d5142e9ed5c9f34a7cf561ee\kotlin-script-runtime-1.7.10.jar;C:\Users\Acer\.gradle\caches\modules-2\files-2.1\org.jetbrains.kotlin\kotlin-daemon-embeddable\1.7.10\3a9f7aef7080d3ae63126cbba4f827ed664f32fa\kotlin-daemon-embeddable-1.7.10.jar;C:\Users\Acer\.gradle\caches\modules-2\files-2.1\org.jetbrains.intellij.deps\trove4j\1.0.20200330\3afb14d5f9ceb459d724e907a21145e8ff394f02\trove4j-1.0.20200330.jar;C:\Users\Acer\.gradle\caches\modules-2\files-2.1\net.java.dev.jna\jna\5.6.0\330f2244e9030119ab3030fc3fededc86713d9cc\jna-5.6.0.jar;C:\Users\Acer\.gradle\caches\modules-2\files-2.1\org.jetbrains.kotlin\kotlin-stdlib-common\1.7.10\bac80c520d0a9e3f3673bc2658c6ed02ef45a76a\kotlin-stdlib-common-1.7.10.jar;C:\Users\Acer\.gradle\caches\modules-2\files-2.1\org.jetbrains\annotations\13.0\919f0dfe192fb4e063e7dacadee7f8bb9a2672a9\annotations-13.0.jar
Launcher Type: SUN_STANDARD

[Global flags]
     intx CICompilerCount                          = 4                                         {product} {ergonomic}
     uint ConcGCThreads                            = 2                                         {product} {ergonomic}
     uint G1ConcRefinementThreads                  = 8                                         {product} {ergonomic}
   size_t G1HeapRegionSize                         = 1048576                                   {product} {ergonomic}
    uintx GCDrainStackTargetSize                   = 64                                        {product} {ergonomic}
   size_t InitialHeapSize                          = 132120576                                 {product} {ergonomic}
   size_t MarkStackSize                            = 4194304                                   {product} {ergonomic}
   size_t MaxHeapSize                              = 2111832064                                {product} {ergonomic}
   size_t MaxNewSize                               = 1266679808                                {product} {ergonomic}
   size_t MinHeapDeltaBytes                        = 1048576                                   {product} {ergonomic}
    uintx NonNMethodCodeHeapSize                   = 5836300                                {pd product} {ergonomic}
    uintx NonProfiledCodeHeapSize                  = 122910970                              {pd product} {ergonomic}
    uintx ProfiledCodeHeapSize                     = 122910970                              {pd product} {ergonomic}
    uintx ReservedCodeCacheSize                    = 251658240                              {pd product} {ergonomic}
     bool SegmentedCodeCache                       = true                                      {product} {ergonomic}
     bool UseCompressedClassPointers               = true                                 {lp64_product} {ergonomic}
     bool UseCompressedOops                        = true                                 {lp64_product} {ergonomic}
     bool UseG1GC                                  = true                                      {product} {ergonomic}
     bool UseLargePagesIndividualAllocation        = false                                  {pd product} {ergonomic}

Logging:
Log output configuration:
 #0: stdout all=warning uptime,level,tags
 #1: stderr all=off uptime,level,tags

Environment Variables:
JAVA_HOME=C:\Program Files\Java\jdk-16.0.2
CLASSPATH=C:\Program Files\Java\jdk-16.0.2\lib
PATH=C:\Program Files (x86)\VMware\VMware Player\bin\;C:\Program Files\Common Files\Oracle\Java\javapath;C:\Program Files (x86)\Common Files\Intel\Shared Libraries\redist\intel64_win\compiler;C:\Program Files (x86)\Common Files\Intel\Shared Libraries\redist\intel64\compiler;C:\Windows\system32;C:\Windows;C:\Windows\System32\Wbem;C:\Windows\System32\WindowsPowerShell\v1.0\;C:\Windows\System32\OpenSSH\;C:\Program Files (x86)\NVIDIA Corporation\PhysX\Common;C:\Program Files (x86)\GtkSharp\2.12\bin;C:\Program Files\Mono\bin;C:\Program Files\NVIDIA Corporation\NVIDIA NvDLISR;C:\Program Files\Java\jdk-17\bin;C:\Program Files (x86)\Microsoft SQL Server\150\DTS\Binn\;C:\Program Files\Microsoft SQL Server\Client SDK\ODBC\170\Tools\Binn\;C:\Program Files (x86)\Microsoft SQL Server\150\Tools\Binn\;C:\Program Files\Microsoft SQL Server\150\Tools\Binn\;C:\Program Files\Microsoft SQL Server\150\DTS\Binn\;D:\program\TDM-GCC-64\bin;C:\Users\Acer\AppData\Local\Programs\Python\Python38\Scripts;C:\WINDOWS\system32;C:\Program Files\dotnet\;D:\program\Git\cmd;D:\program\Git\bin;C:\Users\Acer\scoop\apps\oh-my-posh\current\bin;C:\Users\Acer\scoop\shims;C:\Program Files\MySQL\MySQL Shell 8.0\bin\;C:\Users\Acer\AppData\Local\Microsoft\WindowsApps;C:\Users\Acer\AppData\Roaming\Dashlane\6.2018.0.34867\bin\Firefox_Extension\{442718d9-475e-452a-b3e1-fb1ee16b8e9f}\components;C:\Users\Acer\AppData\Roaming\Dashlane\6.2018.0.34867\ucrt;C:\Users\Acer\AppData\Roaming\Dashlane\6.2018.0.34867\bin\Qt;C:\Users\Acer\AppData\Roaming\Dashlane\6.2018.0.34867\bin\Ssl;C:\Users\Acer\Downloads\Programs\bin;C:\Program Files\JetBrains\PyCharm 2020.3.1\bin;D:\program\IntelliJ IDEA Community Edition 2020.1.2\bin;D:\program\GnuWin32\bin;D:\program\TDM-GCC-64\bin;C:\Users\Acer\AppData\Local\Microsoft\WindowsApps;C:\Users\Acer\.dotnet\tools;D:\program\Microsoft VS Code\bin;C:\Program Files\Java\jdk-16.0.2;D:\program\Swift\bin;;D:\program\JetBrains\CLion 2022.1.3\bin;;C:\Users\Acer\.dotnet\tools
USERNAME=Acer
OS=Windows_NT
PROCESSOR_IDENTIFIER=Intel64 Family 6 Model 142 Stepping 11, GenuineIntel



---------------  S Y S T E M  ---------------

OS: Windows 11 , 64 bit Build 22000 (10.0.22000.1219)
OS uptime: 0 days 4:47 hours

CPU:total 8 (initial active 8) (4 cores per cpu, 2 threads per core) family 6 model 142 stepping 11 microcode 0xde, cmov, cx8, fxsr, mmx, sse, sse2, sse3, ssse3, sse4.1, sse4.2, popcnt, avx, avx2, aes, clmul, erms, 3dnowpref, lzcnt, ht, tsc, tscinvbit, bmi1, bmi2, adx, fma

Memory: 4k page, system-wide physical 8048M (522M free)
TotalPageFile size 12144M (AvailPageFile size 33M)
current process WorkingSet (physical memory assigned to process): 201M, peak: 214M
current process commit charge ("private bytes"): 277M, peak: 325M

vm_info: OpenJDK 64-Bit Server VM (11.0.13+0-b1751.21-8125866) for windows-amd64 JRE (11.0.13+0-b1751.21-8125866), built on Feb  2 2022 03:00:22 by "builder" with MS VC++ 14.0 (VS2015)

END.
